Using pre-set license
Built from '2020.3/china_unity/release' branch; Version is '2020.3.33f1c2 (8e753a737e7b) revision 9336122'; Using compiler version '192528614'; Build Type 'Release'
OS: 'Windows 10  (10.0.19044) 64bit CoreCountrySpecific' Language: 'zh' Physical Memory: 16236 MB
BatchMode: 1, IsHumanControllingUs: 0, StartBugReporterOnCrash: 0, Is64bit: 1, IsPro: 0

COMMAND LINE ARGUMENTS:
D:\unity hub\2020.3.33f1c2\Editor\Unity.exe
-adb2
-batchMode
-noUpm
-name
AssetImportWorker0
-projectPath
D:/ShaderStudy/Shader_Study/Part/Part
-logFile
Logs/AssetImportWorker0.log
-srvPort
54424
Successfully changed project path to: D:/ShaderStudy/Shader_Study/Part/Part
D:/ShaderStudy/Shader_Study/Part/Part
Using Asset Import Pipeline V2.
AS: AutoStreaming module initializing.Refreshing native plugins compatible for Editor in 42.22 ms, found 2 plugins.
Preloading 0 native plugins for Editor in 0.00 ms.
Initialize engine version: 2020.3.33f1c2 (8e753a737e7b)
[Subsystems] Discovering subsystems at path D:/unity hub/2020.3.33f1c2/Editor/Data/Resources/UnitySubsystems
[Subsystems] Discovering subsystems at path D:/ShaderStudy/Shader_Study/Part/Part/Assets
GfxDevice: creating device client; threaded=0
Direct3D:
    Version:  Direct3D 11.0 [level 11.1]
    Renderer: NVIDIA GeForce RTX 3060 Laptop GPU (ID=0x2560)
    Vendor:   
    VRAM:     6023 MB
    Driver:   30.0.15.1236
Initialize mono
Mono path[0] = 'D:/unity hub/2020.3.33f1c2/Editor/Data/Managed'
Mono path[1] = 'D:/unity hub/2020.3.33f1c2/Editor/Data/MonoBleedingEdge/lib/mono/unityjit'
Mono config path = 'D:/unity hub/2020.3.33f1c2/Editor/Data/MonoBleedingEdge/etc'
Using monoOptions --debugger-agent=transport=dt_socket,embedding=1,server=y,suspend=n,address=127.0.0.1:56872
Begin MonoManager ReloadAssembly
Registering precompiled unity dll's ...
Register platform support module: D:/unity hub/2020.3.33f1c2/Editor/Data/PlaybackEngines/WindowsStandaloneSupport/UnityEditor.WindowsStandalone.Extensions.dll
Registered in 0.001118 seconds.
Native extension for WindowsStandalone target not found
Refreshing native plugins compatible for Editor in 42.17 ms, found 2 plugins.
Preloading 0 native plugins for Editor in 0.00 ms.
Mono: successfully reloaded assembly
- Completed reload, in  0.466 seconds
Domain Reload Profiling:
	ReloadAssembly (466ms)
		BeginReloadAssembly (58ms)
			ExecutionOrderSort (0ms)
			DisableScriptedObjects (0ms)
			BackupInstance (0ms)
			ReleaseScriptingObjects (0ms)
			CreateAndSetChildDomain (1ms)
		EndReloadAssembly (354ms)
			LoadAssemblies (57ms)
			RebuildTransferFunctionScriptingTraits (0ms)
			SetupTypeCache (106ms)
			ReleaseScriptCaches (0ms)
			RebuildScriptCaches (24ms)
			SetupLoadedEditorAssemblies (143ms)
				LogAssemblyErrors (0ms)
				InitializePlatformSupportModulesInManaged (3ms)
				SetLoadedEditorAssemblies (0ms)
				RefreshPlugins (42ms)
				BeforeProcessingInitializeOnLoad (14ms)
				ProcessInitializeOnLoadAttributes (63ms)
				ProcessInitializeOnLoadMethodAttributes (20ms)
				AfterProcessingInitializeOnLoad (0ms)
				EditorAssembliesLoaded (0ms)
			ExecutionOrderSort2 (0ms)
			AwakeInstancesAfterBackupRestoration (0ms)
Platform modules already initialized, skipping
Registering precompiled user dll's ...
Registered in 0.002764 seconds.
Begin MonoManager ReloadAssembly
Symbol file LoadedFromMemory doesn't match image D:\ShaderStudy\Shader_Study\Part\Part\Library\PackageCache\com.unity.collab-proxy@1.15.15\Lib\Editor\PlasticSCM\unityplastic.dll
Native extension for WindowsStandalone target not found
Refreshing native plugins compatible for Editor in 43.12 ms, found 2 plugins.
Preloading 0 native plugins for Editor in 0.00 ms.
Mono: successfully reloaded assembly
- Completed reload, in  0.860 seconds
Domain Reload Profiling:
	ReloadAssembly (861ms)
		BeginReloadAssembly (126ms)
			ExecutionOrderSort (0ms)
			DisableScriptedObjects (6ms)
			BackupInstance (0ms)
			ReleaseScriptingObjects (0ms)
			CreateAndSetChildDomain (17ms)
		EndReloadAssembly (692ms)
			LoadAssemblies (90ms)
			RebuildTransferFunctionScriptingTraits (0ms)
			SetupTypeCache (211ms)
			ReleaseScriptCaches (0ms)
			RebuildScriptCaches (41ms)
			SetupLoadedEditorAssemblies (280ms)
				LogAssemblyErrors (0ms)
				InitializePlatformSupportModulesInManaged (3ms)
				SetLoadedEditorAssemblies (0ms)
				RefreshPlugins (43ms)
				BeforeProcessingInitializeOnLoad (70ms)
				ProcessInitializeOnLoadAttributes (155ms)
				ProcessInitializeOnLoadMethodAttributes (8ms)
				AfterProcessingInitializeOnLoad (2ms)
				EditorAssembliesLoaded (0ms)
			ExecutionOrderSort2 (0ms)
			AwakeInstancesAfterBackupRestoration (5ms)
Platform modules already initialized, skipping
========================================================================
Worker process is ready to serve import requests
Launched and connected shader compiler UnityShaderCompiler.exe after 0.05 seconds
Refreshing native plugins compatible for Editor in 0.57 ms, found 2 plugins.
Preloading 0 native plugins for Editor in 0.00 ms.
Unloading 2780 Unused Serialized files (Serialized files now loaded: 0)
System memory in use before: 133.2 MB.
System memory in use after: 133.4 MB.

Unloading 17 unused Assets to reduce memory usage. Loaded Objects now: 3228.
Total: 2.932600 ms (FindLiveObjects: 0.216400 ms CreateObjectMapping: 0.125000 ms MarkObjects: 2.495600 ms  DeleteObjects: 0.094900 ms)

AssetImportParameters requested are different than current active one (requested -> active):
  custom:framework-win-MediaFoundation: 216162199b28c13a410421893ffa2e32 -> 
  custom:video-decoder-ogg-theora: a1e56fd34408186e4bbccfd4996cb3dc -> 
  custom:container-muxer-webm: aa71ff27fc2769a1b78a27578f13a17b -> 
  custom:container-demuxer-webm: 4f35f7cbe854078d1ac9338744f61a02 -> 
  custom:container-demuxer-ogg: 62fdf1f143b41e24485cea50d1cbac27 -> 
  custom:video-encoder-webm-vp8: eb34c28f22e8b96e1ab97ce403110664 -> 
  custom:video-codec-MediaFoundation-h265: 746d11721c4dcdbdad8f713fa42b33f4 -> 
  custom:video-decoder-webm-vp8: 9c59270c3fd7afecdb556c50c9e8de78 -> 
  custom:audio-decoder-ogg-vorbis: bf7c407c2cedff20999df2af8eb42d56 -> 
  custom:audio-encoder-webm-vorbis: bf7c407c2cedff20999df2af8eb42d56 -> 
========================================================================
Received Import Request.
  path: Assets/Scenes/Scene8_3.unity
  artifactKey: Guid(b70d6c2f31939b343af0dffb9618aac7) Importer(815301076,1909f56bfc062723c751e8b465ee728b)
Start importing Assets/Scenes/Scene8_3.unity using Guid(b70d6c2f31939b343af0dffb9618aac7) Importer(815301076,1909f56bfc062723c751e8b465ee728b)  -> (artifact id: '69eb3e084a03592b5480a1a6271c6050') in 0.005701 seconds 
========================================================================
Received Import Request.
  Time since last request: 3.595462 seconds.
  path: Assets/Materials/Shader_Book/MaskTextureMat.mat
  artifactKey: Guid(028333978bee9624195343798adbd34f) Importer(815301076,1909f56bfc062723c751e8b465ee728b)
Start importing Assets/Materials/Shader_Book/MaskTextureMat.mat using Guid(028333978bee9624195343798adbd34f) Importer(815301076,1909f56bfc062723c751e8b465ee728b)  -> (artifact id: 'b2b26dfe4d45b1f92d0018e0f52572c0') in 0.110470 seconds 
========================================================================
Received Import Request.
  Time since last request: 88.153408 seconds.
  path: Assets/Shaders/Shader_Book/Chapter8-AlphaTest.shader
  artifactKey: Guid(4ce02c7b8afd5464f84bc8c06ad24182) Importer(815301076,1909f56bfc062723c751e8b465ee728b)
Start importing Assets/Shaders/Shader_Book/Chapter8-AlphaTest.shader using Guid(4ce02c7b8afd5464f84bc8c06ad24182) Importer(815301076,1909f56bfc062723c751e8b465ee728b)  -> (artifact id: '87e8fefd0976dfa158351caa8d16b57e') in 0.010978 seconds 
========================================================================
Received Import Request.
  Time since last request: 1261.002635 seconds.
  path: Assets/Shaders/Shader_Book/Chapter8-AlphaTest.shader
  artifactKey: Guid(4ce02c7b8afd5464f84bc8c06ad24182) Importer(815301076,1909f56bfc062723c751e8b465ee728b)
Start importing Assets/Shaders/Shader_Book/Chapter8-AlphaTest.shader using Guid(4ce02c7b8afd5464f84bc8c06ad24182) Importer(815301076,1909f56bfc062723c751e8b465ee728b)  -> (artifact id: '313cc79600e870112a65ce46d56cf6cc') in 0.003009 seconds 
========================================================================
Received Import Request.
  Time since last request: 23.544065 seconds.
  path: Assets/Shaders/Shader_Book/Chapter8-AlphaTest.shader
  artifactKey: Guid(4ce02c7b8afd5464f84bc8c06ad24182) Importer(815301076,1909f56bfc062723c751e8b465ee728b)
Start importing Assets/Shaders/Shader_Book/Chapter8-AlphaTest.shader using Guid(4ce02c7b8afd5464f84bc8c06ad24182) Importer(815301076,1909f56bfc062723c751e8b465ee728b) Shader 'Unity Shaders Book/Chapter 8/Alpha Test': fallback shader 'Transparent/Cutotu/VertexLit' not found
 -> (artifact id: '92a1525648b361e2b409a763f8260641') in 0.002959 seconds 
========================================================================
Received Import Request.
  Time since last request: 127.332475 seconds.
  path: Assets/Shaders/Shader_Book/Chapter8-AlphaTest.shader
  artifactKey: Guid(4ce02c7b8afd5464f84bc8c06ad24182) Importer(815301076,1909f56bfc062723c751e8b465ee728b)
Start importing Assets/Shaders/Shader_Book/Chapter8-AlphaTest.shader using Guid(4ce02c7b8afd5464f84bc8c06ad24182) Importer(815301076,1909f56bfc062723c751e8b465ee728b) Shader 'Unity Shaders Book/Chapter 8/Alpha Test': fallback shader 'Transparent/Cutotu/VertexLit' not found
 -> (artifact id: '26cf8722937edd6008356aa4d0c2efad') in 0.002949 seconds 
========================================================================
Received Import Request.
  Time since last request: 15.518065 seconds.
  path: Assets/Shaders/Shader_Book/Chapter8-AlphaTest.shader
  artifactKey: Guid(4ce02c7b8afd5464f84bc8c06ad24182) Importer(815301076,1909f56bfc062723c751e8b465ee728b)
Start importing Assets/Shaders/Shader_Book/Chapter8-AlphaTest.shader using Guid(4ce02c7b8afd5464f84bc8c06ad24182) Importer(815301076,1909f56bfc062723c751e8b465ee728b) Shader 'Unity Shaders Book/Chapter 8/Alpha Test': fallback shader 'Transparent/Cutotu/VertexLit' not found
 -> (artifact id: 'f00bf04d8531b4a8bf0bfd94f7f93f40') in 0.003031 seconds 
========================================================================
Received Import Request.
  Time since last request: 12.140349 seconds.
  path: Assets/Shaders/Shader_Book/Chapter8-AlphaTest.shader
  artifactKey: Guid(4ce02c7b8afd5464f84bc8c06ad24182) Importer(815301076,1909f56bfc062723c751e8b465ee728b)
Start importing Assets/Shaders/Shader_Book/Chapter8-AlphaTest.shader using Guid(4ce02c7b8afd5464f84bc8c06ad24182) Importer(815301076,1909f56bfc062723c751e8b465ee728b) Shader 'Unity Shaders Book/Chapter 8/Alpha Test': fallback shader 'Transparent/Cutotu/VertexLit' not found
 -> (artifact id: 'bc7130b019b232184046ea8dca0c241c') in 0.003069 seconds 
========================================================================
Received Import Request.
  Time since last request: 20.190566 seconds.
  path: Assets/Shaders/Shader_Book/Chapter8-AlphaTest.shader
  artifactKey: Guid(4ce02c7b8afd5464f84bc8c06ad24182) Importer(815301076,1909f56bfc062723c751e8b465ee728b)
Start importing Assets/Shaders/Shader_Book/Chapter8-AlphaTest.shader using Guid(4ce02c7b8afd5464f84bc8c06ad24182) Importer(815301076,1909f56bfc062723c751e8b465ee728b) Shader 'Unity Shaders Book/Chapter 8/Alpha Test': fallback shader 'Transparent/Cutotu/VertexLit' not found
 -> (artifact id: 'b1a47176dc563f886898ba7a6d8b6a71') in 0.003084 seconds 
========================================================================
Received Import Request.
  Time since last request: 690.703195 seconds.
  path: Assets/Scenes/Scene_8_4.unity
  artifactKey: Guid(bd5c625e9bfa2754a9f751a4b4d76990) Importer(815301076,1909f56bfc062723c751e8b465ee728b)
Start importing Assets/Scenes/Scene_8_4.unity using Guid(bd5c625e9bfa2754a9f751a4b4d76990) Importer(815301076,1909f56bfc062723c751e8b465ee728b)  -> (artifact id: '34805d8fc9464724446a0384355bc759') in 0.002580 seconds 
========================================================================
Received Import Request.
  Time since last request: 3.799306 seconds.
  path: Assets/Scenes/Scene_5.unity
  artifactKey: Guid(19edfdcbcb4253246bc6592cb69879a7) Importer(815301076,1909f56bfc062723c751e8b465ee728b)
Start importing Assets/Scenes/Scene_5.unity using Guid(19edfdcbcb4253246bc6592cb69879a7) Importer(815301076,1909f56bfc062723c751e8b465ee728b)  -> (artifact id: '055c96d146f1421f4d4a0b13f7e8afaf') in 0.002347 seconds 
========================================================================
Received Import Request.
  Time since last request: 7.204270 seconds.
  path: Assets/Scenes/Scene_8_3.unity
  artifactKey: Guid(b70d6c2f31939b343af0dffb9618aac7) Importer(815301076,1909f56bfc062723c751e8b465ee728b)
Start importing Assets/Scenes/Scene_8_3.unity using Guid(b70d6c2f31939b343af0dffb9618aac7) Importer(815301076,1909f56bfc062723c751e8b465ee728b)  -> (artifact id: 'f281ed9e92f3ea6e5b77f0601674fdc4') in 0.002416 seconds 
========================================================================
Received Import Request.
  Time since last request: 3.892813 seconds.
  path: Assets/Scenes/Scene_8_3.unity
  artifactKey: Guid(b70d6c2f31939b343af0dffb9618aac7) Importer(815301076,1909f56bfc062723c751e8b465ee728b)
Start importing Assets/Scenes/Scene_8_3.unity using Guid(b70d6c2f31939b343af0dffb9618aac7) Importer(815301076,1909f56bfc062723c751e8b465ee728b)  -> (artifact id: '15c5dc8c6426ba0675980d222117f4d4') in 0.002300 seconds 
========================================================================
Received Import Request.
  Time since last request: 27.102275 seconds.
  path: Assets/Materials/Shader_Book/AlphaBlendMat.mat
  artifactKey: Guid(544eea2d63a3a5142aa58800660fc6a2) Importer(815301076,1909f56bfc062723c751e8b465ee728b)
Start importing Assets/Materials/Shader_Book/AlphaBlendMat.mat using Guid(544eea2d63a3a5142aa58800660fc6a2) Importer(815301076,1909f56bfc062723c751e8b465ee728b)  -> (artifact id: '3ae94dc41f8b268971245a4dfe46ea33') in 0.012614 seconds 
========================================================================
Received Import Request.
  Time since last request: 0.000195 seconds.
  path: Assets/Materials/Shader_Book/AlphaTestMat.mat
  artifactKey: Guid(df5517747e311a841ab12b7a85067ca5) Importer(815301076,1909f56bfc062723c751e8b465ee728b)
Start importing Assets/Materials/Shader_Book/AlphaTestMat.mat using Guid(df5517747e311a841ab12b7a85067ca5) Importer(815301076,1909f56bfc062723c751e8b465ee728b) Shader 'Unity Shaders Book/Chapter 8/Alpha Test': fallback shader 'Transparent/Cutotu/VertexLit' not found
 -> (artifact id: 'fddcde8959927a66941f14618fbe6240') in 0.022892 seconds 
========================================================================
Received Import Request.
  Time since last request: 49.249704 seconds.
  path: Assets/Shaders/Shader_Book/Chapter8-AlphaBlend.shader
  artifactKey: Guid(de8ab2b83622e70419af318b9b81ed4d) Importer(815301076,1909f56bfc062723c751e8b465ee728b)
Start importing Assets/Shaders/Shader_Book/Chapter8-AlphaBlend.shader using Guid(de8ab2b83622e70419af318b9b81ed4d) Importer(815301076,1909f56bfc062723c751e8b465ee728b)  -> (artifact id: '833243019c059d70bbc4a51d482b264f') in 0.004100 seconds 
========================================================================
Received Import Request.
  Time since last request: 522.020901 seconds.
  path: Assets/Shaders/Shader_Book/Chapter8-AlphaBlend.shader
  artifactKey: Guid(de8ab2b83622e70419af318b9b81ed4d) Importer(815301076,1909f56bfc062723c751e8b465ee728b)
Start importing Assets/Shaders/Shader_Book/Chapter8-AlphaBlend.shader using Guid(de8ab2b83622e70419af318b9b81ed4d) Importer(815301076,1909f56bfc062723c751e8b465ee728b)  -> (artifact id: '493682f4fe5a150986f83c89a3da4ff9') in 0.004468 seconds 
========================================================================
Received Import Request.
  Time since last request: 2963.473732 seconds.
  path: Assets/Scenes/Scene_8_5.unity
  artifactKey: Guid(7d12bc6da9d92b24eaf823894a3be311) Importer(815301076,1909f56bfc062723c751e8b465ee728b)
Start importing Assets/Scenes/Scene_8_5.unity using Guid(7d12bc6da9d92b24eaf823894a3be311) Importer(815301076,1909f56bfc062723c751e8b465ee728b)  -> (artifact id: '47ee4bf85920ffdf9e383efa7abaf87b') in 0.002775 seconds 
========================================================================
Received Import Request.
  Time since last request: 9.490840 seconds.
  path: Assets/Materials/Shader_Book/AlphaBlendMat.mat
  artifactKey: Guid(544eea2d63a3a5142aa58800660fc6a2) Importer(815301076,1909f56bfc062723c751e8b465ee728b)
Start importing Assets/Materials/Shader_Book/AlphaBlendMat.mat using Guid(544eea2d63a3a5142aa58800660fc6a2) Importer(815301076,1909f56bfc062723c751e8b465ee728b)  -> (artifact id: 'c96fb464579e7d99939cd8ecb78b8f22') in 0.034766 seconds 
========================================================================
Received Import Request.
  Time since last request: 110.462943 seconds.
  path: Assets/Shaders/Shader_Book/Chapter8-AlphaBlendZWrite.shader
  artifactKey: Guid(6ae0560a67c15ad498593523a2fad947) Importer(815301076,1909f56bfc062723c751e8b465ee728b)
Start importing Assets/Shaders/Shader_Book/Chapter8-AlphaBlendZWrite.shader using Guid(6ae0560a67c15ad498593523a2fad947) Importer(815301076,1909f56bfc062723c751e8b465ee728b)  -> (artifact id: '72a4ac89b74686e7af8a0385a98a2065') in 0.004451 seconds 
========================================================================
Received Import Request.
  Time since last request: 129.042076 seconds.
  path: Assets/Shaders/Shader_Book/Chapter8-AlphaBlendZWrite.shader
  artifactKey: Guid(6ae0560a67c15ad498593523a2fad947) Importer(815301076,1909f56bfc062723c751e8b465ee728b)
Start importing Assets/Shaders/Shader_Book/Chapter8-AlphaBlendZWrite.shader using Guid(6ae0560a67c15ad498593523a2fad947) Importer(815301076,1909f56bfc062723c751e8b465ee728b)  -> (artifact id: '78dc2128d29ac127577c86243e3b76c3') in 0.003263 seconds 
========================================================================
Received Import Request.
  Time since last request: 8.507573 seconds.
  path: Assets/Shaders/Shader_Book/Chapter8-AlphaBlendZWrite.shader
  artifactKey: Guid(6ae0560a67c15ad498593523a2fad947) Importer(815301076,1909f56bfc062723c751e8b465ee728b)
Start importing Assets/Shaders/Shader_Book/Chapter8-AlphaBlendZWrite.shader using Guid(6ae0560a67c15ad498593523a2fad947) Importer(815301076,1909f56bfc062723c751e8b465ee728b)  -> (artifact id: 'c359bdff872da6f9709c41fcf1f03872') in 0.004015 seconds 
========================================================================
Received Import Request.
  Time since last request: 528.341511 seconds.
  path: Assets/Scenes/Scene_7_4.unity
  artifactKey: Guid(ce8a5e32cd4660341850a8a012978324) Importer(815301076,1909f56bfc062723c751e8b465ee728b)
Start importing Assets/Scenes/Scene_7_4.unity using Guid(ce8a5e32cd4660341850a8a012978324) Importer(815301076,1909f56bfc062723c751e8b465ee728b)  -> (artifact id: '452229effe7939221ee7acfd42a5e297') in 0.002475 seconds 
========================================================================
Received Import Request.
  Time since last request: 155.400574 seconds.
  path: Assets/Scenes/Scene_8_7.unity
  artifactKey: Guid(474e05fbc26f7cd4197f3801209a4aad) Importer(815301076,1909f56bfc062723c751e8b465ee728b)
Start importing Assets/Scenes/Scene_8_7.unity using Guid(474e05fbc26f7cd4197f3801209a4aad) Importer(815301076,1909f56bfc062723c751e8b465ee728b)  -> (artifact id: 'f11d1343c9dcaf0c9b0819003f14c4e5') in 0.002227 seconds 
========================================================================
Received Import Request.
  Time since last request: 9.228780 seconds.
  path: Assets/Materials/Shader_Book/AlphaBlendZWriteMat.mat
  artifactKey: Guid(124effd609d53a044a68302fe1cf6073) Importer(815301076,1909f56bfc062723c751e8b465ee728b)
Start importing Assets/Materials/Shader_Book/AlphaBlendZWriteMat.mat using Guid(124effd609d53a044a68302fe1cf6073) Importer(815301076,1909f56bfc062723c751e8b465ee728b)  -> (artifact id: '526f42e281a240575cf7749f90887a62') in 0.016394 seconds 
========================================================================
Received Import Request.
  Time since last request: 0.000199 seconds.
  path: Assets/Materials/Shader_Book/AlphaTestMat.mat
  artifactKey: Guid(df5517747e311a841ab12b7a85067ca5) Importer(815301076,1909f56bfc062723c751e8b465ee728b)
Start importing Assets/Materials/Shader_Book/AlphaTestMat.mat using Guid(df5517747e311a841ab12b7a85067ca5) Importer(815301076,1909f56bfc062723c751e8b465ee728b) Shader 'Unity Shaders Book/Chapter 8/Alpha Test': fallback shader 'Transparent/Cutotu/VertexLit' not found
 -> (artifact id: '8e2e73e392baf28ecde66aa6d889405e') in 0.027744 seconds 
========================================================================
Received Import Request.
  Time since last request: 91.595034 seconds.
  path: Assets/Shaders/Shader_Book/Chapter8-AlphaBlendBothSided.shader
  artifactKey: Guid(241a3286768a7ff46b3c0cf8d183a0f2) Importer(815301076,1909f56bfc062723c751e8b465ee728b)
Start importing Assets/Shaders/Shader_Book/Chapter8-AlphaBlendBothSided.shader using Guid(241a3286768a7ff46b3c0cf8d183a0f2) Importer(815301076,1909f56bfc062723c751e8b465ee728b)  -> (artifact id: 'b8a4b1655592440ce62ceb67bd0257e6') in 0.004561 seconds 
========================================================================
Received Import Request.
  Time since last request: 269.469119 seconds.
  path: Assets/Shaders/Shader_Book/Chapter8-AlphaBlendBothSided.shader
  artifactKey: Guid(241a3286768a7ff46b3c0cf8d183a0f2) Importer(815301076,1909f56bfc062723c751e8b465ee728b)
Start importing Assets/Shaders/Shader_Book/Chapter8-AlphaBlendBothSided.shader using Guid(241a3286768a7ff46b3c0cf8d183a0f2) Importer(815301076,1909f56bfc062723c751e8b465ee728b)  -> (artifact id: 'a90281f9c9ca91ac428c33cc04a744a5') in 0.003418 seconds 
AssetImportWorkerClient::OnTransportError - code=2 error=End of file
